[13May2025 00:45:32.035] [Server thread/INFO] [net.minecraft.server.players.PlayerList/]: Teffqyy[/127.17.114.153:39391] logged in with entity id 51560 at (801.1520043575853, 73.0, -4816.146474830153)
[13May2025 00:45:32.051] [Server thread/INFO] [net.minecraft.server.MinecraftServer/]: Teffqyy joined the game
[13May2025 00:45:54.034] [Server thread/INFO] [net.minecraft.server.MinecraftServer/]: [Not Secure] <Teffqyy> nop
[13May2025 00:49:37.435] [Server thread/INFO] [net.minecraft.server.MinecraftServer/]: [Not Secure] <Teffqyy> ...
[13May2025 00:49:41.887] [Server thread/INFO] [net.minecraft.server.MinecraftServer/]: [Not Secure] <Teffqyy> juan pq t muteas
[13May2025 00:49:55.585] [Server thread/INFO] [net.minecraft.server.MinecraftServer/]: [Not Secure] <Teffqyy> oe ya lo mandaron tmb
[13May2025 00:49:58.742] [Server thread/INFO] [net.minecraft.server.MinecraftServer/]: [Not Secure] <Teffqyy> esta horrible
[13May2025 00:50:11.788] [Server thread/INFO] [net.minecraft.server.MinecraftServer/]: [Not Secure] <Teffqyy> ndie mandó xd
[13May2025 00:50:14.537] [Server thread/INFO] [net.minecraft.server.MinecraftServer/]: [Not Secure] <Teffqyy> solo como 6
[13May2025 00:50:17.686] [Server thread/INFO] [net.minecraft.server.MinecraftServer/]: [Not Secure] <Teffqyy> y esta feo
[13May2025 00:50:28.539] [Server thread/INFO] [net.minecraft.server.MinecraftServer/]: [Not Secure] <Teffqyy> lo edito kiara...
[13May2025 00:50:34.338] [Server thread/INFO] [net.minecraft.server.MinecraftServer/]: [Not Secure] <Teffqyy> ALALA
[13May2025 00:50:41.430] [Server thread/INFO] [net.minecraft.server.MinecraftServer/]: [Not Secure] <Teffqyy> duerman
[13May2025 00:50:51.288] [Server thread/INFO] [net.minecraft.server.MinecraftServer/]: [Not Secure] <Teffqyy> alejandro duerme
[13May2025 00:51:21.846] [Server thread/INFO] [net.minecraft.server.MinecraftServer/]: [Not Secure] <Teffqyy> ya se hizo d dia
[13May2025 00:51:48.109] [Server thread/INFO] [net.minecraft.server.MinecraftServer/]: [Not Secure] <Teffqyy> que...
[13May2025 00:51:55.631] [Server thread/INFO] [net.minecraft.server.MinecraftServer/]: [Not Secure] <Teffqyy> alejandro es you gonzales
[13May2025 00:51:59.586] [Server thread/INFO] [net.minecraft.server.MinecraftServer/]: [Not Secure] <Teffqyy> go chorrillos xd
[13May2025 00:52:31.537] [Server thread/INFO] [net.minecraft.server.MinecraftServer/]: [Not Secure] <Teffqyy> ...
[13May2025 00:52:36.084] [Server thread/INFO] [net.minecraft.server.MinecraftServer/]: [Not Secure] <Teffqyy> si
[13May2025 00:52:45.689] [Server thread/INFO] [net.minecraft.server.MinecraftServer/]: [Not Secure] <Teffqyy> por chat d acá ps
[13May2025 00:52:48.839] [Server thread/INFO] [net.minecraft.server.MinecraftServer/]: [Not Secure] <Teffqyy> susurro
[13May2025 00:53:06.142] [Server thread/INFO] [net.minecraft.server.MinecraftServer/]: [Not Secure] <Teffqyy> dime
[13May2025 00:53:13.834] [Server thread/INFO] [net.minecraft.server.MinecraftServer/]: [Not Secure] <Teffqyy> ...
[13May2025 00:53:21.493] [Server thread/INFO] [net.minecraft.server.MinecraftServer/]: [Not Secure] <Teffqyy> si es una wbd
[13May2025 00:53:27.933] [Server thread/INFO] [net.minecraft.server.MinecraftServer/]: [Not Secure] <Teffqyy> AJAJAJJA
